t:\proyecto stpucp\stpucp_model_solution\stpucp_model\x64\debug\stpucp_model.pch
t:\proyecto stpucp\stpucp_model_solution\stpucp_model\x64\debug\vc143.pdb
t:\proyecto stpucp\stpucp_model_solution\stpucp_model\x64\debug\pch.obj
t:\proyecto stpucp\stpucp_model_solution\stpucp_model\x64\debug\stpucp_model.obj
t:\proyecto stpucp\stpucp_model_solution\stpucp_model\x64\debug\assemblyinfo.obj
t:\proyecto stpucp\stpucp_model_solution\stpucp_model\x64\debug\.netframework,version=v4.7.2.assemblyattributes.obj
t:\proyecto stpucp\stpucp_model_solution\x64\debug\stpucp_model.dll
t:\proyecto stpucp\stpucp_model_solution\x64\debug\stpucp_model.pdb
t:\proyecto stpucp\stpucp_model_solution\stpucp_model\x64\debug\app.res
t:\proyecto stpucp\stpucp_model_solution\stpucp_model\x64\debug\stpucp_model.tlog\cl.command.1.tlog
t:\proyecto stpucp\stpucp_model_solution\stpucp_model\x64\debug\stpucp_model.tlog\cl.read.1.tlog
t:\proyecto stpucp\stpucp_model_solution\stpucp_model\x64\debug\stpucp_model.tlog\cl.write.1.tlog
t:\proyecto stpucp\stpucp_model_solution\stpucp_model\x64\debug\stpucp_model.tlog\link.command.1.tlog
t:\proyecto stpucp\stpucp_model_solution\stpucp_model\x64\debug\stpucp_model.tlog\link.read.1.tlog
t:\proyecto stpucp\stpucp_model_solution\stpucp_model\x64\debug\stpucp_model.tlog\link.write.1.tlog
t:\proyecto stpucp\stpucp_model_solution\stpucp_model\x64\debug\stpucp_model.tlog\metagen.read.1.tlog
t:\proyecto stpucp\stpucp_model_solution\stpucp_model\x64\debug\stpucp_model.tlog\metagen.write.1.tlog
t:\proyecto stpucp\stpucp_model_solution\stpucp_model\x64\debug\stpucp_model.tlog\rc.command.1.tlog
t:\proyecto stpucp\stpucp_model_solution\stpucp_model\x64\debug\stpucp_model.tlog\rc.read.1.tlog
t:\proyecto stpucp\stpucp_model_solution\stpucp_model\x64\debug\stpucp_model.tlog\rc.write.1.tlog
